
C-nat
Getting ENDF input tapes and NJOY executable
Running NJOY

 moder...                                                                 0.1s

 reconr...                                                                0.1s

 broadr...                                                                0.2s

 heatr...                                                                 0.2s

 thermr...                                                                0.8s

 wrote thermal data for temp = 2.9600E+02                                 1.3s

 thermr...                                                                1.3s

 ***warning***maximum value of beta limits the allowed energy transfer
 the sct approx. will be used for transfers larger than  2.024 ev.

 wrote thermal data for temp = 2.9600E+02                                 2.0s

 groupr...                                                                2.0s

 ---message from conver---cannot do complete particle production for mt= 28
                          only mf4/mf5 provided

 ---message from conver---cannot do complete particle production for mt= 91
                          only mf4/mf5 provided

 ---message from cm2lab---lab normalization problem
                          mt=  5 e= 2.000E+07 lab sum= 0.000

 moder...                                                                 5.9s
Cleaning up
